<?xml version="1.0" encoding="UTF-8"?>
<!-- Generated by org.testng.reporters.JUnitXMLReporter -->
<testsuite hostname="LAPTOP-RDMATUKE" ignored="2" name="Default test" tests="2" failures="0" timestamp="2020-12-24T09:17:20 IST" time="115.817" errors="0">
  <testcase name="createOrgnazationTest" time="20.269" classname="com.sdet.testcases.Opportunity"/>
  <testcase name="createOpportunityOneTest" time="58.985" classname="com.sdet.testcases.Opportunity"/>
  <testcase name="createOpportunityThreeTest" time="0.0" classname="com.sdet.testcases.Opportunity">
    <ignored/>
  </testcase> <!-- createOpportunityThreeTest -->
  <testcase name="createOpportunityTwoTest" time="0.0" classname="com.sdet.testcases.Opportunity">
    <ignored/>
  </testcase> <!-- createOpportunityTwoTest -->
</testsuite> <!-- Default test -->
