<?xml version="1.0" encoding="UTF-8"?>
<!-- Generated by org.testng.reporters.JUnitXMLReporter -->
<testsuite hostname="LAPTOP-RDMATUKE" ignored="2" name="Opportunity Test " tests="2" failures="0" timestamp="2020-12-22T13:25:12 IST" time="141.492" errors="0">
  <testcase name="createOrgnazationTest" time="82.156" classname="com.sdet.testcases.Opportunity"/>
  <testcase name="createOpportunityOneTest" time="59.234" classname="com.sdet.testcases.Opportunity"/>
  <testcase name="createOpportunityThreeTest" time="0.0" classname="com.sdet.testcases.Opportunity">
    <ignored/>
  </testcase> <!-- createOpportunityThreeTest -->
  <testcase name="createOpportunityTwoTest" time="0.0" classname="com.sdet.testcases.Opportunity">
    <ignored/>
  </testcase> <!-- createOpportunityTwoTest -->
</testsuite> <!-- Opportunity Test  -->
