<?xml version="1.0" encoding="UTF-8"?>
<testsuite name="TestSuite" time="15.37" tests="1" errors="0" skipped="0" failures="1">
  <properties>
[...]
</properties>
  <testcase name="script1" classname="com.sdet.testcases.Script1" time="15.37">
    <failure message="session not created&#10;from chrome not reachable&#10;  (Session info: chrome=87.0.4280.88)&#10;Build info: version: &apos;3.141.59&apos;, revision: &apos;e82be7d358&apos;, time: &apos;2018-11-14T08:17:03&apos;&#10;System info: host: &apos;LAPTOP-RDMATUKE&apos;, ip: &apos;192.168.99.1&apos;, os.name: &apos;Windows 10&apos;, os.arch: &apos;amd64&apos;, os.version: &apos;10.0&apos;, java.version: &apos;1.8.0_261&apos;&#10;Driver info: driver.version: ChromeDriver&#10;remote stacktrace: Backtrace:&#10;	Ordinal0 [0x00D5C0C3+3326147]&#10;	Ordinal0 [0x00C40851+2164817]&#10;	Ordinal0 [0x00AC7140+618816]&#10;	Ordinal0 [0x00ABD404+578564]&#10;	Ordinal0 [0x00ABDACB+580299]&#10;	Ordinal0 [0x00ABED35+585013]&#10;	Ordinal0 [0x00AB9D61+564577]&#10;	Ordinal0 [0x00AC82C0+623296]&#10;	Ordinal0 [0x00A66BDD+224221]&#10;	Ordinal0 [0x00A65CAC+220332]&#10;	Ordinal0 [0x00A6189B+202907]&#10;	Ordinal0 [0x00A43DF4+81396]&#10;	Ordinal0 [0x00A44DEE+85486]&#10;	Ordinal0 [0x00A44D79+85369]&#10;	Ordinal0 [0x00C585DC+2262492]&#10;	GetHandleVerifier [0x00EE2874+1487204]&#10;	GetHandleVerifier [0x00EE23CD+1486013]&#10;	GetHandleVerifier [0x00EEA368+1518680]&#10;	GetHandleVerifier [0x00EE2F4E+1488958]&#10;	Ordinal0 [0x00C4ED0D+2223373]&#10;	Ordinal0 [0x00C5A12B+2269483]&#10;	Ordinal0 [0x00C5A26F+2269807]&#10;	Ordinal0 [0x00C6ECB8+2354360]&#10;	BaseThreadInitThunk [0x774EFA29+25]&#10;	RtlGetAppContainerNamedObjectPath [0x77D275F4+228]&#10;	RtlGetAppContainerNamedObjectPath [0x77D275C4+180]&#10;" type="org.openqa.selenium.SessionNotCreatedException"><![CDATA[org.openqa.selenium.SessionNotCreatedException: session not created
from chrome not reachable
  (Session info: chrome=87.0.4280.88)
Build info: version: '3.141.59', revision: 'e82be7d358', time: '2018-11-14T08:17:03'
System info: host: 'LAPTOP-RDMATUKE', ip: '192.168.99.1', os.name: 'Windows 10', os.arch: 'amd64', os.version: '10.0', java.version: '1.8.0_261'
Driver info: driver.version: ChromeDriver
remote stacktrace: Backtrace:
	Ordinal0 [0x00D5C0C3+3326147]
	Ordinal0 [0x00C40851+2164817]
	Ordinal0 [0x00AC7140+618816]
	Ordinal0 [0x00ABD404+578564]
	Ordinal0 [0x00ABDACB+580299]
	Ordinal0 [0x00ABED35+585013]
	Ordinal0 [0x00AB9D61+564577]
	Ordinal0 [0x00AC82C0+623296]
	Ordinal0 [0x00A66BDD+224221]
	Ordinal0 [0x00A65CAC+220332]
	Ordinal0 [0x00A6189B+202907]
	Ordinal0 [0x00A43DF4+81396]
	Ordinal0 [0x00A44DEE+85486]
	Ordinal0 [0x00A44D79+85369]
	Ordinal0 [0x00C585DC+2262492]
	GetHandleVerifier [0x00EE2874+1487204]
	GetHandleVerifier [0x00EE23CD+1486013]
	GetHandleVerifier [0x00EEA368+1518680]
	GetHandleVerifier [0x00EE2F4E+1488958]
	Ordinal0 [0x00C4ED0D+2223373]
	Ordinal0 [0x00C5A12B+2269483]
	Ordinal0 [0x00C5A26F+2269807]
	Ordinal0 [0x00C6ECB8+2354360]
	BaseThreadInitThunk [0x774EFA29+25]
	RtlGetAppContainerNamedObjectPath [0x77D275F4+228]
	RtlGetAppContainerNamedObjectPath [0x77D275C4+180]

	at sun.reflect.NativeConstructorAccessorImpl.newInstance0(Native Method)
	at sun.reflect.NativeConstructorAccessorImpl.newInstance(NativeConstructorAccessorImpl.java:62)
	at sun.reflect.DelegatingConstructorAccessorImpl.newInstance(DelegatingConstructorAccessorImpl.java:45)
	at java.lang.reflect.Constructor.newInstance(Constructor.java:423)
	at org.openqa.selenium.remote.W3CHandshakeResponse.lambda$errorHandler$0(W3CHandshakeResponse.java:62)
	at org.openqa.selenium.remote.HandshakeResponse.lambda$getResponseFunction$0(HandshakeResponse.java:30)
	at org.openqa.selenium.remote.ProtocolHandshake.lambda$createSession$0(ProtocolHandshake.java:126)
	at java.util.stream.ReferencePipeline$3$1.accept(ReferencePipeline.java:193)
	at java.util.Spliterators$ArraySpliterator.tryAdvance(Spliterators.java:958)
	at java.util.stream.ReferencePipeline.forEachWithCancel(ReferencePipeline.java:126)
	at java.util.stream.AbstractPipeline.copyIntoWithCancel(AbstractPipeline.java:499)
	at java.util.stream.AbstractPipeline.copyInto(AbstractPipeline.java:486)
	at java.util.stream.AbstractPipeline.wrapAndCopyInto(AbstractPipeline.java:472)
	at java.util.stream.FindOps$FindOp.evaluateSequential(FindOps.java:152)
	at java.util.stream.AbstractPipeline.evaluate(AbstractPipeline.java:234)
	at java.util.stream.ReferencePipeline.findFirst(ReferencePipeline.java:464)
	at org.openqa.selenium.remote.ProtocolHandshake.createSession(ProtocolHandshake.java:128)
	at org.openqa.selenium.remote.ProtocolHandshake.createSession(ProtocolHandshake.java:74)
	at org.openqa.selenium.remote.HttpCommandExecutor.execute(HttpCommandExecutor.java:136)
	at org.openqa.selenium.remote.service.DriverCommandExecutor.execute(DriverCommandExecutor.java:83)
	at org.openqa.selenium.remote.RemoteWebDriver.execute(RemoteWebDriver.java:552)
	at org.openqa.selenium.remote.RemoteWebDriver.startSession(RemoteWebDriver.java:213)
	at org.openqa.selenium.remote.RemoteWebDriver.<init>(RemoteWebDriver.java:131)
	at org.openqa.selenium.chrome.ChromeDriver.<init>(ChromeDriver.java:181)
	at org.openqa.selenium.chrome.ChromeDriver.<init>(ChromeDriver.java:168)
	at org.openqa.selenium.chrome.ChromeDriver.<init>(ChromeDriver.java:123)
	at com.sdet.testcases.Script1.script1(Script1.java:43)
]]></failure>
    <system-out><![CDATA[[TestNGContentHandler] [WARN] It is strongly recommended to add "<!DOCTYPE suite SYSTEM "http://testng.org/testng-1.0.dtd" >" at the top of your file, otherwise TestNG may fail or not work as expected.
]]></system-out>
    <system-err><![CDATA[SLF4J: Failed to load class "org.slf4j.impl.StaticLoggerBinder".
SLF4J: Defaulting to no-operation (NOP) logger implementation
SLF4J: See http://www.slf4j.org/codes.html#StaticLoggerBinder for further details.
Starting ChromeDriver 87.0.4280.88 (89e2380a3e36c3464b5dd1302349b1382549290d-refs/branch-heads/4280@{#1761}) on port 29611
Only local connections are allowed.
Please see https://chromedriver.chromium.org/security-considerations for suggestions on keeping ChromeDriver safe.
ChromeDriver was started successfully.
[1608649697.698][WARNING]: Timed out connecting to Chrome, retrying...
]]></system-err>
  </testcase>
</testsuite>